<?xml version="1.0" encoding="UTF-8"?>
<!-- Generated by org.testng.reporters.JUnitXMLReporter -->
<testsuite ignored="0" hostname="PKS-LAPTOP" failures="0" tests="5" name="Testng" time="510.447" errors="0" timestamp="2023-08-07T22:25:05 IST">
  <testcase classname="com.testCases.TC002Register" name="register" time="45.762"/>
  <testcase classname="com.testCases.TC003Flight_Ticket_Booking" name="ticketbooking" time="18.55"/>
  <testcase classname="com.testCases.TC004Payment" name="payment" time="15.159"/>
  <testcase classname="com.testCases.TC005bankingDetails" name="banking" time="56.932"/>
  <testcase classname="com.testCases.TC006teleCom" name="telecom" time="26.517"/>
</testsuite> <!-- Testng -->
