<?xml version="1.0" encoding="UTF-8"?>
<testng-results ignored="0" total="5" passed="5" failed="0" skipped="0">
  <reporter-output>
  </reporter-output>
  <suite started-at="2023-08-07T22:16:29 IST" name="Suite" finished-at="2023-08-07T22:25:00 IST" duration-ms="510447">
    <groups>
    </groups>
    <test started-at="2023-08-07T22:16:29 IST" name="Testng" finished-at="2023-08-07T22:25:00 IST" duration-ms="510447">
      <class name="com.testCases.TC004Payment">
        <test-method is-config="true" signature="Setup()[pri:0, instance:com.testCases.TC004Payment@4961f6af]" started-at="2023-08-07T22:19:48 IST" name="Setup" finished-at="2023-08-07T22:20:35 IST" duration-ms="47062" status="PASS">
          <reporter-output>
          </reporter-output>
        </test-method> <!-- Setup -->
        <test-method signature="payment()[pri:0, instance:com.testCases.TC004Payment@4961f6af]" started-at="2023-08-07T22:20:35 IST" name="payment" finished-at="2023-08-07T22:20:50 IST" duration-ms="15159" status="PASS">
          <reporter-output>
          </reporter-output>
        </test-method> <!-- payment -->
      </class> <!-- com.testCases.TC004Payment -->
      <class name="com.testCases.TC005bankingDetails">
        <test-method is-config="true" signature="Setup()[pri:0, instance:com.testCases.TC005bankingDetails@5aebe890]" started-at="2023-08-07T22:20:50 IST" name="Setup" finished-at="2023-08-07T22:22:06 IST" duration-ms="75831" status="PASS">
          <reporter-output>
          </reporter-output>
        </test-method> <!-- Setup -->
        <test-method signature="banking()[pri:0, instance:com.testCases.TC005bankingDetails@5aebe890]" started-at="2023-08-07T22:22:06 IST" name="banking" finished-at="2023-08-07T22:23:03 IST" duration-ms="56932" status="PASS">
          <reporter-output>
          </reporter-output>
        </test-method> <!-- banking -->
      </class> <!-- com.testCases.TC005bankingDetails -->
      <class name="com.testCases.TC002Register">
        <test-method is-config="true" signature="Setup()[pri:0, instance:com.testCases.TC002Register@4c178a76]" started-at="2023-08-07T22:16:30 IST" name="Setup" finished-at="2023-08-07T22:17:49 IST" duration-ms="79105" status="PASS">
          <reporter-output>
          </reporter-output>
        </test-method> <!-- Setup -->
        <test-method signature="register()[pri:0, instance:com.testCases.TC002Register@4c178a76]" started-at="2023-08-07T22:17:49 IST" name="register" finished-at="2023-08-07T22:18:35 IST" duration-ms="45762" status="PASS">
          <reporter-output>
          </reporter-output>
        </test-method> <!-- register -->
      </class> <!-- com.testCases.TC002Register -->
      <class name="com.testCases.TC003Flight_Ticket_Booking">
        <test-method is-config="true" signature="Setup()[pri:0, instance:com.testCases.TC003Flight_Ticket_Booking@394df057]" started-at="2023-08-07T22:18:35 IST" name="Setup" finished-at="2023-08-07T22:19:29 IST" duration-ms="53940" status="PASS">
          <reporter-output>
          </reporter-output>
        </test-method> <!-- Setup -->
        <test-method signature="ticketbooking()[pri:0, instance:com.testCases.TC003Flight_Ticket_Booking@394df057]" started-at="2023-08-07T22:19:29 IST" name="ticketbooking" finished-at="2023-08-07T22:19:48 IST" duration-ms="18550" status="PASS">
          <reporter-output>
          </reporter-output>
        </test-method> <!-- ticketbooking -->
      </class> <!-- com.testCases.TC003Flight_Ticket_Booking -->
      <class name="com.testCases.TC006teleCom">
        <test-method is-config="true" signature="Setup()[pri:0, instance:com.testCases.TC006teleCom@65d09a04]" started-at="2023-08-07T22:23:03 IST" name="Setup" finished-at="2023-08-07T22:24:33 IST" duration-ms="90333" status="PASS">
          <reporter-output>
          </reporter-output>
        </test-method> <!-- Setup -->
        <test-method signature="telecom()[pri:0, instance:com.testCases.TC006teleCom@65d09a04]" started-at="2023-08-07T22:24:33 IST" name="telecom" finished-at="2023-08-07T22:25:00 IST" duration-ms="26517" status="PASS">
          <reporter-output>
          </reporter-output>
        </test-method> <!-- telecom -->
      </class> <!-- com.testCases.TC006teleCom -->
    </test> <!-- Testng -->
  </suite> <!-- Suite -->
</testng-results>
